<?xml version="1.0" encoding="UTF-8"?>
<!-- Generated by org.testng.reporters.JUnitXMLReporter -->
<testsuite ignored="0" hostname="DESKTOP-6SOFM8M" failures="0" tests="8" name="Test" time="59.741" errors="0" timestamp="2025-09-02T16:27:56 WIB">
  <testcase classname="TestCases.TC001_login" name="login" time="1.857"/>
  <testcase classname="TestCases.TC002_addEmployee" name="fillEmployeeData" time="11.53"/>
  <testcase classname="TestCases.TC002_addEmployee" name="fillEmployeeData" time="11.737"/>
  <testcase classname="TestCases.TC002_addEmployee" name="fillEmployeeData" time="11.5"/>
  <testcase classname="TestCases.TC002_addEmployee" name="checkDatabase" time="0.24"/>
  <testcase classname="TestCases.TC002_addEmployee" name="checkDatabase" time="0.005"/>
  <testcase classname="TestCases.TC002_addEmployee" name="checkDatabase" time="0.003"/>
  <testcase classname="TestCases.TC003_addExistingEmployee" name="addExistingId" time="9.384"/>
</testsuite> <!-- Test -->
