<?xml version="1.0" encoding="UTF-8"?>
<!-- Generated by org.testng.reporters.JUnitXMLReporter -->
<testsuite ignored="0" hostname="DESKTOP-6SOFM8M" failures="0" tests="8" name="Test" time="51.579" errors="0" timestamp="2025-09-02T17:45:41 WIB">
  <testcase classname="TestCases.TC001_login" name="login" time="1.865"/>
  <testcase classname="TestCases.TC002_addEmployee" name="fillEmployeeData" time="11.478"/>
  <testcase classname="TestCases.TC002_addEmployee" name="fillEmployeeData" time="11.444"/>
  <testcase classname="TestCases.TC002_addEmployee" name="fillEmployeeData" time="11.47"/>
  <testcase classname="TestCases.TC002_addEmployee" name="checkDatabase" time="0.211"/>
  <testcase classname="TestCases.TC002_addEmployee" name="checkDatabase" time="0.004"/>
  <testcase classname="TestCases.TC002_addEmployee" name="checkDatabase" time="0.003"/>
  <testcase classname="TestCases.TC003_addExistingEmployee" name="addExistingId" time="9.311"/>
</testsuite> <!-- Test -->
